<?xml version="1.0" encoding="UTF-8"?>
<!-- Generated by org.testng.reporters.JUnitReportReporter -->
<testsuite hostname="DESKTOP-9EUEAEG" failures="0" tests="1" name="restAssuredLearning.PathAndQueryParam" time="2.295" errors="0" timestamp="2024-09-02T11:33:26 IST" skipped="0">
  <testcase classname="restAssuredLearning.PathAndQueryParam" name="PathAndQueryParam_Leraning" time="2.295"/>
  <system-out/>
</testsuite> <!-- restAssuredLearning.PathAndQueryParam -->
