<?xml version="1.0" encoding="UTF-8"?>
<!-- Generated by org.testng.reporters.JUnitReportReporter -->
<testsuite hostname="DESKTOP-9EUEAEG" failures="0" tests="2" name="restAssuredLearning.HeadersAndCookies" time="2.121" errors="0" timestamp="2024-09-02T11:28:11 IST" skipped="0">
  <testcase classname="restAssuredLearning.HeadersAndCookies" name="Cookies" time="1.940"/>
  <system-out/>
  <testcase classname="restAssuredLearning.HeadersAndCookies" name="getheader" time="0.181"/>
  <system-out/>
</testsuite> <!-- restAssuredLearning.HeadersAndCookies -->
