<?xml version="1.0" encoding="UTF-8"?>
<!-- Generated by org.testng.reporters.JUnitReportReporter -->
<testsuite hostname="DESKTOP-9EUEAEG" failures="0" tests="1" name="ApiChaining.getUser" time="0.383" errors="0" timestamp="2024-09-03T20:42:46 IST" skipped="0">
  <testcase classname="ApiChaining.getUser" name="getUser1" time="0.383"/>
  <system-out/>
</testsuite> <!-- ApiChaining.getUser -->
