<?xml version="1.0" encoding="UTF-8"?>
<!-- Generated by org.testng.reporters.JUnitReportReporter -->
<testsuite hostname="DESKTOP-9EUEAEG" failures="0" tests="1" name="restAssuredLearning.ParsingResponseBody" time="2.074" errors="0" timestamp="2024-09-02T11:03:18 IST" skipped="0">
  <testcase classname="restAssuredLearning.ParsingResponseBody" name="jsonobject_parsing" time="2.074"/>
  <system-out/>
</testsuite> <!-- restAssuredLearning.ParsingResponseBody -->
