<?xml version="1.0" encoding="UTF-8"?>
<!-- Generated by org.testng.reporters.JUnitReportReporter -->
<testsuite hostname="DESKTOP-9EUEAEG" failures="0" tests="1" name="restAssuredLearning.ParsingXmlResponse" time="3.480" errors="0" timestamp="2024-09-03T16:09:58 IST" skipped="0">
  <testcase classname="restAssuredLearning.ParsingXmlResponse" name="xmlpath" time="3.480"/>
  <system-out/>
</testsuite> <!-- restAssuredLearning.ParsingXmlResponse -->
