<?xml version="1.0" encoding="UTF-8"?>
<!-- Generated by org.testng.reporters.JUnitReportReporter -->
<testsuite hostname="DESKTOP-9EUEAEG" failures="0" tests="5" name="restAssuredLearning.sampleRequest" time="4.131" errors="0" timestamp="2024-09-01T09:39:12 IST" skipped="0">
  <testcase classname="restAssuredLearning.sampleRequest" name="getUser" time="0.644"/>
  <system-out/>
  <testcase classname="restAssuredLearning.sampleRequest" name="CreateUser" time="2.495"/>
  <system-out/>
  <testcase classname="restAssuredLearning.sampleRequest" name="DeleteUser" time="0.432"/>
  <system-out/>
  <testcase classname="restAssuredLearning.sampleRequest" name="z" time="0.124"/>
  <system-out/>
  <testcase classname="restAssuredLearning.sampleRequest" name="updateUser" time="0.436"/>
  <system-out/>
</testsuite> <!-- restAssuredLearning.sampleRequest -->
