<?xml version="1.0" encoding="UTF-8"?>
<!-- Generated by org.testng.reporters.JUnitReportReporter -->
<testsuite hostname="DESKTOP-9EUEAEG" failures="0" tests="1" name="restAssuredLearning.jsonSchemaValidation" time="2.843" errors="0" timestamp="2024-09-03T17:01:14 IST" skipped="0">
  <testcase classname="restAssuredLearning.jsonSchemaValidation" name="jsonSchemaValidation" time="2.843"/>
  <system-out/>
</testsuite> <!-- restAssuredLearning.jsonSchemaValidation -->
