<?xml version="1.0" encoding="UTF-8"?>
<!-- Generated by org.testng.reporters.JUnitReportReporter -->
<testsuite hostname="DESKTOP-9EUEAEG" failures="0" tests="1" name="ApiChaining.updateUser" time="0.489" errors="0" timestamp="2024-09-03T20:42:45 IST" skipped="0">
  <testcase classname="ApiChaining.updateUser" name="updateUser1" time="0.489"/>
  <system-out/>
</testsuite> <!-- ApiChaining.updateUser -->
