<?xml version="1.0" encoding="UTF-8"?>
<!-- Generated by org.testng.reporters.JUnitReportReporter -->
<testsuite hostname="DESKTOP-9EUEAEG" failures="0" tests="1" name="restAssuredLearning.CreatingPostRequestPayload" time="0.497" errors="0" timestamp="2024-09-02T13:22:56 IST" skipped="0">
  <testcase classname="restAssuredLearning.CreatingPostRequestPayload" name="ExternalJson" time="0.497"/>
  <system-out/>
</testsuite> <!-- restAssuredLearning.CreatingPostRequestPayload -->
