<?xml version="1.0" encoding="UTF-8"?>
<!-- Generated by org.testng.reporters.JUnitReportReporter -->
<testsuite hostname="DESKTOP-9EUEAEG" failures="0" tests="1" name="restAssuredLearning.ApiChaining.CreateUser" time="3.397" errors="0" timestamp="2024-09-03T19:53:09 IST" skipped="0">
  <testcase classname="restAssuredLearning.ApiChaining.CreateUser" name="CreateUser" time="3.397"/>
  <system-out/>
</testsuite> <!-- restAssuredLearning.ApiChaining.CreateUser -->
